<?xml version="1.0" ?>
<!DOCTYPE coverage SYSTEM "http://cobertura.sourceforge.net/xml/coverage-04.dtd">
<coverage lines-valid="1036" lines-covered="914" line-rate="0.8822" branches-valid="627" branches-covered="489" branch-rate="0.7798999999999999" timestamp="1785699799931" complexity="0" version="0.1">
  <sources>
    <source>/home/latz/www/wp-stable/wp-content/themes/hx29</source>
  </sources>
  <packages>
    <package name="src" line-rate="0.8157" branch-rate="0.7206999999999999">
      <classes>
        <class name="apiError.js" filename="src/apiError.js" line-rate="0" branch-rate="0">
          <methods>
            <method name="fmtApiError" hits="0" signature="()V">
              <lines>
                <line number="9" hits="0"/>
              </lines>
            </method>
          </methods>
          <lines>
            <line number="10" hits="0" branch="true" condition-coverage="0% (0/2)"/>
            <line number="11" hits="0" branch="true" condition-coverage="0% (0/2)"/>
            <line number="12" hits="0" branch="true" condition-coverage="0% (0/2)"/>
            <line number="13" hits="0" branch="true" condition-coverage="0% (0/2)"/>
            <line number="14" hits="0" branch="true" condition-coverage="0% (0/2)"/>
            <line number="16" hits="0" branch="false"/>
          </lines>
        </class>
        <class name="complete.js" filename="src/complete.js" line-rate="0.9047" branch-rate="0.8636">
          <methods>
            <method name="completeLsSub" hits="11" signature="()V">
              <lines>
                <line number="17" hits="11"/>
              </lines>
            </method>
            <method name="(anonymous_1)" hits="55" signature="()V">
              <lines>
                <line number="18" hits="55"/>
              </lines>
            </method>
            <method name="completeSlug" hits="6" signature="()V">
              <lines>
                <line number="29" hits="6"/>
              </lines>
            </method>
            <method name="(anonymous_3)" hits="14" signature="()V">
              <lines>
                <line number="33" hits="14"/>
              </lines>
            </method>
            <method name="(anonymous_4)" hits="14" signature="()V">
              <lines>
                <line number="35" hits="14"/>
              </lines>
            </method>
            <method name="completeTwoWord" hits="17" signature="()V">
              <lines>
                <line number="46" hits="17"/>
              </lines>
            </method>
            <method name="completeTopLevel" hits="11" signature="()V">
              <lines>
                <line number="57" hits="11"/>
              </lines>
            </method>
            <method name="(anonymous_7)" hits="209" signature="()V">
              <lines>
                <line number="58" hits="209"/>
              </lines>
            </method>
            <method name="complete" hits="30" signature="()V">
              <lines>
                <line number="75" hits="30"/>
              </lines>
            </method>
          </methods>
          <lines>
            <line number="2" hits="1" branch="false"/>
            <line number="8" hits="1" branch="false"/>
            <line number="10" hits="1" branch="false"/>
            <line number="18" hits="55" branch="false"/>
            <line number="19" hits="11" branch="true" condition-coverage="100% (2/2)"/>
            <line number="30" hits="6" branch="false"/>
            <line number="31" hits="6" branch="true" condition-coverage="100% (2/2)"/>
            <line number="32" hits="5" branch="false"/>
            <line number="33" hits="14" branch="true" condition-coverage="50% (1/2)"/>
            <line number="35" hits="14" branch="false"/>
            <line number="36" hits="5" branch="true" condition-coverage="100% (2/2)"/>
            <line number="47" hits="17" branch="true" condition-coverage="100% (2/2)"/>
            <line number="48" hits="6" branch="true" condition-coverage="50% (1/2)"/>
            <line number="49" hits="0" branch="false"/>
            <line number="58" hits="209" branch="false"/>
            <line number="59" hits="11" branch="true" condition-coverage="100% (2/2)"/>
            <line number="77" hits="30" branch="true" condition-coverage="100% (4/4)"/>
            <line number="79" hits="28" branch="false"/>
            <line number="80" hits="28" branch="true" condition-coverage="100% (2/2)"/>
            <line number="81" hits="11" branch="true" condition-coverage="50% (1/2)"/>
            <line number="82" hits="0" branch="false"/>
          </lines>
        </class>
        <class name="config.js" filename="src/config.js" line-rate="1" branch-rate="0.8125">
          <methods>
          </methods>
          <lines>
            <line number="3" hits="2" branch="true" condition-coverage="75% (3/4)"/>
            <line number="5" hits="2" branch="true" condition-coverage="100% (2/2)"/>
            <line number="6" hits="2" branch="true" condition-coverage="100% (2/2)"/>
            <line number="7" hits="2" branch="true" condition-coverage="100% (2/2)"/>
            <line number="8" hits="2" branch="true" condition-coverage="100% (2/2)"/>
            <line number="10" hits="2" branch="false"/>
            <line number="12" hits="2" branch="true" condition-coverage="50% (1/2)"/>
            <line number="13" hits="2" branch="true" condition-coverage="50% (1/2)"/>
          </lines>
        </class>
        <class name="dom.js" filename="src/dom.js" line-rate="0.47609999999999997" branch-rate="0.35">
          <methods>
            <method name="getPageLines" hits="2" signature="()V">
              <lines>
                <line number="9" hits="2"/>
              </lines>
            </method>
            <method name="(anonymous_1)" hits="0" signature="()V">
              <lines>
                <line number="18" hits="0"/>
              </lines>
            </method>
            <method name="getLineWidth" hits="2" signature="()V">
              <lines>
                <line number="27" hits="2"/>
              </lines>
            </method>
            <method name="scrollTerminal" hits="0" signature="()V">
              <lines>
                <line number="48" hits="0"/>
              </lines>
            </method>
            <method name="(anonymous_4)" hits="0" signature="()V">
              <lines>
                <line number="51" hits="0"/>
              </lines>
            </method>
            <method name="(anonymous_5)" hits="0" signature="()V">
              <lines>
                <line number="58" hits="0"/>
              </lines>
            </method>
            <method name="getRenderedLineCount" hits="2" signature="()V">
              <lines>
                <line number="70" hits="2"/>
              </lines>
            </method>
            <method name="maybeSyncTear" hits="0" signature="()V">
              <lines>
                <line number="78" hits="0"/>
              </lines>
            </method>
            <method name="(anonymous_8)" hits="0" signature="()V">
              <lines>
                <line number="86" hits="0"/>
              </lines>
            </method>
          </methods>
          <lines>
            <line number="10" hits="2" branch="false"/>
            <line number="11" hits="2" branch="true" condition-coverage="100% (2/2)"/>
            <line number="12" hits="1" branch="false"/>
            <line number="13" hits="1" branch="false"/>
            <line number="16" hits="2" branch="false"/>
            <line number="17" hits="2" branch="true" condition-coverage="50% (1/2)"/>
            <line number="18" hits="2" branch="false"/>
            <line number="28" hits="2" branch="true" condition-coverage="50% (1/2)"/>
            <line number="29" hits="2" branch="false"/>
            <line number="30" hits="2" branch="true" condition-coverage="100% (2/2)"/>
            <line number="31" hits="1" branch="false"/>
            <line number="32" hits="1" branch="false"/>
            <line number="33" hits="1" branch="false"/>
            <line number="34" hits="1" branch="false"/>
            <line number="35" hits="1" branch="false"/>
            <line number="36" hits="1" branch="false"/>
            <line number="37" hits="1" branch="true" condition-coverage="50% (1/2)"/>
            <line number="38" hits="2" branch="false"/>
            <line number="41" hits="2" branch="false"/>
            <line number="49" hits="0" branch="true" condition-coverage="0% (0/2)"/>
            <line number="50" hits="0" branch="false"/>
            <line number="51" hits="0" branch="false"/>
            <line number="52" hits="0" branch="false"/>
            <line number="53" hits="0" branch="false"/>
            <line number="54" hits="0" branch="true" condition-coverage="0% (0/2)"/>
            <line number="55" hits="0" branch="false"/>
            <line number="56" hits="0" branch="true" condition-coverage="0% (0/2)"/>
            <line number="57" hits="0" branch="false"/>
            <line number="58" hits="0" branch="false"/>
            <line number="59" hits="0" branch="false"/>
            <line number="62" hits="0" branch="false"/>
            <line number="71" hits="2" branch="false"/>
            <line number="79" hits="0" branch="true" condition-coverage="0% (0/2)"/>
            <line number="80" hits="0" branch="false"/>
            <line number="81" hits="0" branch="true" condition-coverage="0% (0/2)"/>
            <line number="82" hits="0" branch="false"/>
            <line number="83" hits="0" branch="false"/>
            <line number="84" hits="0" branch="false"/>
            <line number="85" hits="0" branch="false"/>
            <line number="86" hits="0" branch="false"/>
            <line number="87" hits="0" branch="false"/>
            <line number="88" hits="0" branch="false"/>
          </lines>
        </class>
        <class name="format.js" filename="src/format.js" line-rate="0.9795" branch-rate="0.8928">
          <methods>
            <method name="formatDate" hits="0" signature="()V">
              <lines>
                <line number="15" hits="0"/>
              </lines>
            </method>
            <method name="stripHtml" hits="5" signature="()V">
              <lines>
                <line number="28" hits="5"/>
              </lines>
            </method>
            <method name="breakToken" hits="2" signature="()V">
              <lines>
                <line number="39" hits="2"/>
              </lines>
            </method>
            <method name="wordWrap" hits="6" signature="()V">
              <lines>
                <line number="70" hits="6"/>
              </lines>
            </method>
            <method name="wrapLines" hits="2" signature="()V">
              <lines>
                <line number="97" hits="2"/>
              </lines>
            </method>
            <method name="(anonymous_5)" hits="3" signature="()V">
              <lines>
                <line number="98" hits="3"/>
              </lines>
            </method>
            <method name="fmtLine" hits="4" signature="()V">
              <lines>
                <line number="109" hits="4"/>
              </lines>
            </method>
            <method name="batchFmtLineEls" hits="3" signature="()V">
              <lines>
                <line number="122" hits="3"/>
              </lines>
            </method>
            <method name="(anonymous_8)" hits="4" signature="()V">
              <lines>
                <line number="123" hits="4"/>
              </lines>
            </method>
            <method name="(anonymous_9)" hits="4" signature="()V">
              <lines>
                <line number="126" hits="4"/>
              </lines>
            </method>
          </methods>
          <lines>
            <line number="4" hits="3" branch="false"/>
            <line number="6" hits="3" branch="false"/>
            <line number="8" hits="3" branch="false"/>
            <line number="16" hits="0" branch="false"/>
            <line number="29" hits="5" branch="false"/>
            <line number="30" hits="5" branch="true" condition-coverage="100% (2/2)"/>
            <line number="40" hits="2" branch="false"/>
            <line number="41" hits="2" branch="false"/>
            <line number="42" hits="2" branch="false"/>
            <line number="43" hits="2" branch="false"/>
            <line number="44" hits="8" branch="true" condition-coverage="100% (2/2)"/>
            <line number="45" hits="5" branch="false"/>
            <line number="47" hits="3" branch="true" condition-coverage="100% (2/2)"/>
            <line number="48" hits="3" branch="false"/>
            <line number="51" hits="2" branch="true" condition-coverage="50% (1/2)"/>
            <line number="52" hits="2" branch="false"/>
            <line number="53" hits="2" branch="false"/>
            <line number="54" hits="4" branch="false"/>
            <line number="55" hits="4" branch="false"/>
            <line number="56" hits="2" branch="false"/>
            <line number="57" hits="2" branch="false"/>
            <line number="59" hits="4" branch="true" condition-coverage="50% (1/2)"/>
            <line number="61" hits="2" branch="false"/>
            <line number="71" hits="6" branch="false"/>
            <line number="72" hits="6" branch="false"/>
            <line number="73" hits="6" branch="false"/>
            <line number="74" hits="6" branch="false"/>
            <line number="75" hits="29" branch="true" condition-coverage="100% (2/2)"/>
            <line number="76" hits="29" branch="false"/>
            <line number="77" hits="33" branch="true" condition-coverage="100% (2/2)"/>
            <line number="78" hits="6" branch="false"/>
            <line number="79" hits="27" branch="true" condition-coverage="100% (2/2)"/>
            <line number="80" hits="18" branch="false"/>
            <line number="82" hits="9" branch="false"/>
            <line number="83" hits="9" branch="false"/>
            <line number="87" hits="6" branch="true" condition-coverage="100% (2/2)"/>
            <line number="88" hits="6" branch="false"/>
            <line number="98" hits="3" branch="true" condition-coverage="100% (2/2)"/>
            <line number="110" hits="4" branch="true" condition-coverage="100% (2/2)"/>
            <line number="111" hits="4" branch="false"/>
            <line number="112" hits="4" branch="true" condition-coverage="100% (2/2)"/>
            <line number="113" hits="4" branch="false"/>
            <line number="123" hits="4" branch="false"/>
            <line number="124" hits="3" branch="true" condition-coverage="50% (1/2)"/>
            <line number="125" hits="3" branch="false"/>
            <line number="126" hits="3" branch="false"/>
            <line number="127" hits="4" branch="false"/>
            <line number="128" hits="4" branch="true" condition-coverage="100% (2/2)"/>
            <line number="129" hits="4" branch="false"/>
          </lines>
        </class>
        <class name="intros.js" filename="src/intros.js" line-rate="0.7804000000000001" branch-rate="0.6666">
          <methods>
            <method name="corrupt" hits="0" signature="()V">
              <lines>
                <line number="13" hits="0"/>
              </lines>
            </method>
            <method name="(anonymous_1)" hits="0" signature="()V">
              <lines>
                <line number="14" hits="0"/>
              </lines>
            </method>
            <method name="expandItem" hits="11" signature="()V">
              <lines>
                <line number="29" hits="11"/>
              </lines>
            </method>
            <method name="loadSession" hits="5" signature="()V">
              <lines>
                <line number="56" hits="5"/>
              </lines>
            </method>
            <method name="timeAgo" hits="1" signature="()V">
              <lines>
                <line number="81" hits="1"/>
              </lines>
            </method>
            <method name="formatTs" hits="1" signature="()V">
              <lines>
                <line number="94" hits="1"/>
              </lines>
            </method>
            <method name="getSessionIntro" hits="5" signature="()V">
              <lines>
                <line number="105" hits="5"/>
              </lines>
            </method>
            <method name="(anonymous_7)" hits="10" signature="()V">
              <lines>
                <line number="108" hits="10"/>
              </lines>
            </method>
            <method name="(anonymous_8)" hits="5" signature="()V">
              <lines>
                <line number="117" hits="5"/>
              </lines>
            </method>
            <method name="getIntro" hits="3" signature="()V">
              <lines>
                <line number="125" hits="3"/>
              </lines>
            </method>
            <method name="(anonymous_10)" hits="6" signature="()V">
              <lines>
                <line number="127" hits="6"/>
              </lines>
            </method>
          </methods>
          <lines>
            <line number="6" hits="1" branch="false"/>
            <line number="14" hits="0" branch="false"/>
            <line number="15" hits="0" branch="true" condition-coverage="0% (0/2)"/>
            <line number="16" hits="0" branch="true" condition-coverage="0% (0/2)"/>
            <line number="30" hits="11" branch="true" condition-coverage="50% (1/2)"/>
            <line number="31" hits="0" branch="false"/>
            <line number="32" hits="0" branch="false"/>
            <line number="33" hits="0" branch="false"/>
            <line number="42" hits="11" branch="true" condition-coverage="100% (2/2)"/>
            <line number="43" hits="8" branch="false"/>
            <line number="44" hits="8" branch="false"/>
            <line number="45" hits="36" branch="false"/>
            <line number="47" hits="8" branch="false"/>
            <line number="57" hits="5" branch="false"/>
            <line number="58" hits="5" branch="true" condition-coverage="100% (2/2)"/>
            <line number="59" hits="4" branch="false"/>
            <line number="60" hits="4" branch="false"/>
            <line number="61" hits="4" branch="false"/>
            <line number="62" hits="4" branch="false"/>
            <line number="64" hits="5" branch="true" condition-coverage="100% (2/2)"/>
            <line number="65" hits="5" branch="true" condition-coverage="100% (2/2)"/>
            <line number="66" hits="5" branch="false"/>
            <line number="67" hits="5" branch="true" condition-coverage="100% (2/2)"/>
            <line number="68" hits="5" branch="true" condition-coverage="100% (4/4)"/>
            <line number="69" hits="4" branch="false"/>
            <line number="70" hits="4" branch="false"/>
            <line number="71" hits="4" branch="false"/>
            <line number="73" hits="5" branch="false"/>
            <line number="82" hits="1" branch="false"/>
            <line number="83" hits="1" branch="true" condition-coverage="50% (1/2)"/>
            <line number="84" hits="0" branch="true" condition-coverage="0% (0/2)"/>
            <line number="85" hits="0" branch="true" condition-coverage="0% (0/2)"/>
            <line number="86" hits="0" branch="false"/>
            <line number="95" hits="1" branch="false"/>
            <line number="106" hits="5" branch="false"/>
            <line number="107" hits="5" branch="false"/>
            <line number="108" hits="10" branch="false"/>
            <line number="109" hits="5" branch="false"/>
            <line number="117" hits="5" branch="false"/>
            <line number="126" hits="3" branch="false"/>
            <line number="127" hits="6" branch="false"/>
          </lines>
        </class>
        <class name="random.js" filename="src/random.js" line-rate="1" branch-rate="1">
          <methods>
            <method name="cosmeticRandom" hits="74" signature="()V">
              <lines>
                <line number="7" hits="74"/>
              </lines>
            </method>
          </methods>
          <lines>
            <line number="8" hits="74" branch="false"/>
          </lines>
        </class>
        <class name="storage.js" filename="src/storage.js" line-rate="0.9166" branch-rate="1">
          <methods>
            <method name="loadConfig" hits="3" signature="()V">
              <lines>
                <line number="7" hits="3"/>
              </lines>
            </method>
            <method name="(anonymous_1)" hits="3" signature="()V">
              <lines>
                <line number="8" hits="3"/>
              </lines>
            </method>
            <method name="saveConfig" hits="2" signature="()V">
              <lines>
                <line number="22" hits="2"/>
              </lines>
            </method>
            <method name="applyConfig" hits="3" signature="()V">
              <lines>
                <line number="32" hits="3"/>
              </lines>
            </method>
            <method name="loadHistory" hits="2" signature="()V">
              <lines>
                <line number="46" hits="2"/>
              </lines>
            </method>
            <method name="(anonymous_5)" hits="3" signature="()V">
              <lines>
                <line number="47" hits="3"/>
              </lines>
            </method>
            <method name="pushHistory" hits="34" signature="()V">
              <lines>
                <line number="62" hits="34"/>
              </lines>
            </method>
          </methods>
          <lines>
            <line number="8" hits="3" branch="false"/>
            <line number="9" hits="3" branch="true" condition-coverage="100% (2/2)"/>
            <line number="10" hits="2" branch="false"/>
            <line number="11" hits="2" branch="false"/>
            <line number="13" hits="0" branch="false"/>
            <line number="23" hits="2" branch="false"/>
            <line number="24" hits="2" branch="false"/>
            <line number="33" hits="3" branch="false"/>
            <line number="34" hits="3" branch="true" condition-coverage="100% (2/2)"/>
            <line number="35" hits="3" branch="true" condition-coverage="100% (4/4)"/>
            <line number="36" hits="1" branch="false"/>
            <line number="38" hits="2" branch="false"/>
            <line number="47" hits="3" branch="false"/>
            <line number="48" hits="2" branch="true" condition-coverage="100% (2/2)"/>
            <line number="49" hits="1" branch="false"/>
            <line number="50" hits="1" branch="false"/>
            <line number="52" hits="0" branch="false"/>
            <line number="63" hits="34" branch="false"/>
            <line number="64" hits="34" branch="false"/>
            <line number="65" hits="34" branch="true" condition-coverage="100% (2/2)"/>
            <line number="66" hits="34" branch="false"/>
            <line number="67" hits="34" branch="true" condition-coverage="100% (2/2)"/>
            <line number="68" hits="34" branch="false"/>
            <line number="69" hits="34" branch="false"/>
          </lines>
        </class>
        <class name="ui.jsx" filename="src/ui.jsx" line-rate="1" branch-rate="0.9285">
          <methods>
            <method name="highlightMatch" hits="5" signature="()V">
              <lines>
                <line number="10" hits="5"/>
              </lines>
            </method>
            <method name="(anonymous_1)" hits="11" signature="()V">
              <lines>
                <line number="18" hits="11"/>
              </lines>
            </method>
            <method name="fmtLineEl" hits="4" signature="()V">
              <lines>
                <line number="35" hits="4"/>
              </lines>
            </method>
            <method name="parseBodyWithLinks" hits="9" signature="()V">
              <lines>
                <line number="50" hits="9"/>
              </lines>
            </method>
            <method name="(anonymous_4)" hits="6" signature="()V">
              <lines>
                <line number="55" hits="6"/>
              </lines>
            </method>
            <method name="(anonymous_5)" hits="9" signature="()V">
              <lines>
                <line number="67" hits="9"/>
              </lines>
            </method>
            <method name="(anonymous_6)" hits="9" signature="()V">
              <lines>
                <line number="68" hits="9"/>
              </lines>
            </method>
            <method name="(anonymous_7)" hits="9" signature="()V">
              <lines>
                <line number="77" hits="9"/>
              </lines>
            </method>
            <method name="(anonymous_8)" hits="5" signature="()V">
              <lines>
                <line number="96" hits="5"/>
              </lines>
            </method>
            <method name="(anonymous_9)" hits="5" signature="()V">
              <lines>
                <line number="98" hits="5"/>
              </lines>
            </method>
            <method name="(anonymous_10)" hits="5" signature="()V">
              <lines>
                <line number="99" hits="5"/>
              </lines>
            </method>
          </methods>
          <lines>
            <line number="11" hits="5" branch="false"/>
            <line number="12" hits="5" branch="false"/>
            <line number="13" hits="5" branch="false"/>
            <line number="14" hits="5" branch="false"/>
            <line number="15" hits="5" branch="false"/>
            <line number="19" hits="11" branch="true" condition-coverage="100% (2/2)"/>
            <line number="36" hits="4" branch="false"/>
            <line number="51" hits="9" branch="false"/>
            <line number="52" hits="9" branch="false"/>
            <line number="54" hits="9" branch="false"/>
            <line number="57" hits="6" branch="false"/>
            <line number="58" hits="6" branch="true" condition-coverage="100% (2/2)"/>
            <line number="59" hits="5" branch="false"/>
            <line number="60" hits="5" branch="false"/>
            <line number="62" hits="6" branch="false"/>
            <line number="66" hits="9" branch="false"/>
            <line number="67" hits="9" branch="false"/>
            <line number="68" hits="9" branch="true" condition-coverage="50% (1/2)"/>
            <line number="72" hits="9" branch="false"/>
            <line number="77" hits="9" branch="false"/>
            <line number="78" hits="9" branch="false"/>
            <line number="79" hits="9" branch="true" condition-coverage="100% (2/2)"/>
            <line number="80" hits="5" branch="false"/>
            <line number="81" hits="5" branch="false"/>
            <line number="83" hits="5" branch="false"/>
            <line number="84" hits="5" branch="false"/>
            <line number="85" hits="6" branch="true" condition-coverage="100% (2/2)"/>
            <line number="86" hits="6" branch="false"/>
            <line number="90" hits="6" branch="false"/>
            <line number="92" hits="5" branch="true" condition-coverage="100% (2/2)"/>
            <line number="93" hits="5" branch="false"/>
            <line number="96" hits="9" branch="true" condition-coverage="100% (2/2)"/>
            <line number="98" hits="5" branch="false"/>
            <line number="99" hits="5" branch="false"/>
            <line number="100" hits="5" branch="false"/>
            <line number="104" hits="9" branch="false"/>
          </lines>
        </class>
        <class name="utils.js" filename="src/utils.js" line-rate="1" branch-rate="1">
          <methods>
          </methods>
          <lines>
          </lines>
        </class>
      </classes>
    </package>
    <package name="src.__mocks__" line-rate="1" branch-rate="0.4285">
      <classes>
        <class name="fixtures.js" filename="src/__mocks__/fixtures.js" line-rate="1" branch-rate="0.4285">
          <methods>
            <method name="(anonymous_0)" hits="145" signature="()V">
              <lines>
                <line number="1" hits="145"/>
              </lines>
            </method>
            <method name="(anonymous_1)" hits="18" signature="()V">
              <lines>
                <line number="10" hits="18"/>
              </lines>
            </method>
            <method name="(anonymous_2)" hits="10" signature="()V">
              <lines>
                <line number="13" hits="10"/>
              </lines>
            </method>
            <method name="(anonymous_3)" hits="1" signature="()V">
              <lines>
                <line number="16" hits="1"/>
              </lines>
            </method>
            <method name="(anonymous_4)" hits="2" signature="()V">
              <lines>
                <line number="23" hits="2"/>
              </lines>
            </method>
            <method name="(anonymous_5)" hits="1" signature="()V">
              <lines>
                <line number="30" hits="1"/>
              </lines>
            </method>
            <method name="(anonymous_6)" hits="0" signature="()V">
              <lines>
                <line number="37" hits="0"/>
              </lines>
            </method>
            <method name="(anonymous_7)" hits="15" signature="()V">
              <lines>
                <line number="44" hits="15"/>
              </lines>
            </method>
            <method name="(anonymous_8)" hits="7" signature="()V">
              <lines>
                <line number="46" hits="7"/>
              </lines>
            </method>
            <method name="(anonymous_9)" hits="15" signature="()V">
              <lines>
                <line number="47" hits="15"/>
              </lines>
            </method>
            <method name="(anonymous_10)" hits="0" signature="()V">
              <lines>
                <line number="50" hits="0"/>
              </lines>
            </method>
            <method name="(anonymous_11)" hits="0" signature="()V">
              <lines>
                <line number="52" hits="0"/>
              </lines>
            </method>
            <method name="(anonymous_12)" hits="0" signature="()V">
              <lines>
                <line number="56" hits="0"/>
              </lines>
            </method>
          </methods>
          <lines>
            <line number="1" hits="145" branch="true" condition-coverage="100% (1/1)"/>
            <line number="10" hits="3" branch="true" condition-coverage="100% (1/1)"/>
            <line number="11" hits="18" branch="false"/>
            <line number="13" hits="3" branch="false"/>
            <line number="14" hits="10" branch="false"/>
            <line number="16" hits="3" branch="false"/>
            <line number="23" hits="3" branch="false"/>
            <line number="30" hits="3" branch="false"/>
            <line number="37" hits="3" branch="true" condition-coverage="0% (0/2)"/>
            <line number="44" hits="15" branch="true" condition-coverage="100% (1/1)"/>
            <line number="46" hits="7" branch="false"/>
            <line number="47" hits="15" branch="false"/>
            <line number="50" hits="3" branch="false"/>
            <line number="52" hits="3" branch="true" condition-coverage="0% (0/1)"/>
            <line number="56" hits="3" branch="true" condition-coverage="0% (0/1)"/>
          </lines>
        </class>
      </classes>
    </package>
    <package name="src.api" line-rate="0.9848" branch-rate="0.7626999999999999">
      <classes>
        <class name="apiFetch.js" filename="src/api/apiFetch.js" line-rate="0.9677" branch-rate="0.9333">
          <methods>
            <method name="constructor" hits="5" signature="()V">
              <lines>
                <line number="9" hits="5"/>
              </lines>
            </method>
            <method name="makeFakeResponse" hits="11" signature="()V">
              <lines>
                <line number="16" hits="11"/>
              </lines>
            </method>
            <method name="fetchWithTimeout" hits="13" signature="()V">
              <lines>
                <line number="23" hits="13"/>
              </lines>
            </method>
            <method name="(anonymous_3)" hits="0" signature="()V">
              <lines>
                <line number="25" hits="0"/>
              </lines>
            </method>
            <method name="(anonymous_4)" hits="13" signature="()V">
              <lines>
                <line number="26" hits="13"/>
              </lines>
            </method>
            <method name="apiFetch" hits="16" signature="()V">
              <lines>
                <line number="37" hits="16"/>
              </lines>
            </method>
            <method name="clearApiCache" hits="11" signature="()V">
              <lines>
                <line number="70" hits="11"/>
              </lines>
            </method>
          </methods>
          <lines>
            <line number="4" hits="3" branch="false"/>
            <line number="5" hits="3" branch="false"/>
            <line number="6" hits="3" branch="false"/>
            <line number="10" hits="5" branch="false"/>
            <line number="11" hits="5" branch="false"/>
            <line number="12" hits="5" branch="false"/>
            <line number="17" hits="11" branch="false"/>
            <line number="24" hits="13" branch="false"/>
            <line number="25" hits="13" branch="false"/>
            <line number="26" hits="13" branch="false"/>
            <line number="38" hits="16" branch="false"/>
            <line number="39" hits="16" branch="false"/>
            <line number="40" hits="16" branch="true" condition-coverage="100% (4/4)"/>
            <line number="43" hits="13" branch="false"/>
            <line number="44" hits="13" branch="false"/>
            <line number="46" hits="1" branch="true" condition-coverage="50% (1/2)"/>
            <line number="47" hits="0" branch="false"/>
            <line number="50" hits="12" branch="true" condition-coverage="100% (2/2)"/>
            <line number="51" hits="10" branch="true" condition-coverage="100% (2/2)"/>
            <line number="53" hits="9" branch="false"/>
            <line number="55" hits="9" branch="false"/>
            <line number="56" hits="9" branch="false"/>
            <line number="58" hits="1" branch="false"/>
            <line number="60" hits="8" branch="false"/>
            <line number="61" hits="8" branch="false"/>
            <line number="62" hits="8" branch="true" condition-coverage="100% (2/2)"/>
            <line number="63" hits="8" branch="false"/>
            <line number="64" hits="8" branch="true" condition-coverage="100% (2/2)"/>
            <line number="65" hits="8" branch="false"/>
            <line number="66" hits="8" branch="false"/>
            <line number="71" hits="11" branch="false"/>
          </lines>
        </class>
        <class name="comments.js" filename="src/api/comments.js" line-rate="1" branch-rate="0.6">
          <methods>
            <method name="fetchComments" hits="2" signature="()V">
              <lines>
                <line number="10" hits="2"/>
              </lines>
            </method>
            <method name="postComment" hits="3" signature="()V">
              <lines>
                <line number="23" hits="3"/>
              </lines>
            </method>
          </methods>
          <lines>
            <line number="11" hits="2" branch="false"/>
            <line number="12" hits="2" branch="true" condition-coverage="50% (1/2)"/>
            <line number="13" hits="2" branch="false"/>
            <line number="24" hits="3" branch="true" condition-coverage="100% (3/3)"/>
            <line number="25" hits="3" branch="false"/>
            <line number="26" hits="3" branch="false"/>
            <line number="32" hits="1" branch="true" condition-coverage="25% (1/4)"/>
          </lines>
        </class>
        <class name="pages.js" filename="src/api/pages.js" line-rate="1" branch-rate="0.6666">
          <methods>
            <method name="fetchPages" hits="2" signature="()V">
              <lines>
                <line number="9" hits="2"/>
              </lines>
            </method>
          </methods>
          <lines>
            <line number="10" hits="2" branch="false"/>
            <line number="11" hits="2" branch="true" condition-coverage="50% (1/2)"/>
            <line number="12" hits="2" branch="true" condition-coverage="50% (1/2)"/>
            <line number="13" hits="2" branch="false"/>
            <line number="14" hits="2" branch="false"/>
          </lines>
        </class>
        <class name="posts.js" filename="src/api/posts.js" line-rate="1" branch-rate="0.8125">
          <methods>
            <method name="fetchPosts" hits="4" signature="()V">
              <lines>
                <line number="11" hits="4"/>
              </lines>
            </method>
            <method name="fetchPostBySlug" hits="3" signature="()V">
              <lines>
                <line number="27" hits="3"/>
              </lines>
            </method>
          </methods>
          <lines>
            <line number="12" hits="4" branch="false"/>
            <line number="13" hits="4" branch="true" condition-coverage="100% (2/2)"/>
            <line number="14" hits="4" branch="true" condition-coverage="100% (2/2)"/>
            <line number="15" hits="4" branch="false"/>
            <line number="16" hits="4" branch="true" condition-coverage="50% (1/2)"/>
            <line number="17" hits="4" branch="true" condition-coverage="50% (1/2)"/>
            <line number="18" hits="4" branch="false"/>
            <line number="19" hits="4" branch="false"/>
            <line number="28" hits="3" branch="false"/>
            <line number="29" hits="3" branch="true" condition-coverage="50% (1/2)"/>
            <line number="30" hits="3" branch="false"/>
            <line number="31" hits="3" branch="true" condition-coverage="100% (2/2)"/>
            <line number="32" hits="2" branch="false"/>
          </lines>
        </class>
        <class name="taxonomy.js" filename="src/api/taxonomy.js" line-rate="1" branch-rate="0.6666">
          <methods>
            <method name="fetchCategories" hits="2" signature="()V">
              <lines>
                <line number="9" hits="2"/>
              </lines>
            </method>
            <method name="fetchTags" hits="2" signature="()V">
              <lines>
                <line number="23" hits="2"/>
              </lines>
            </method>
          </methods>
          <lines>
            <line number="10" hits="2" branch="false"/>
            <line number="11" hits="2" branch="true" condition-coverage="50% (1/2)"/>
            <line number="12" hits="2" branch="true" condition-coverage="50% (1/2)"/>
            <line number="13" hits="2" branch="false"/>
            <line number="14" hits="2" branch="false"/>
            <line number="24" hits="2" branch="false"/>
            <line number="25" hits="2" branch="true" condition-coverage="50% (1/2)"/>
            <line number="26" hits="2" branch="true" condition-coverage="50% (1/2)"/>
            <line number="27" hits="2" branch="false"/>
            <line number="28" hits="2" branch="false"/>
          </lines>
        </class>
      </classes>
    </package>
    <package name="src.commands" line-rate="0.9320999999999999" branch-rate="0.838">
      <classes>
        <class name="articleHeader.js" filename="src/commands/articleHeader.js" line-rate="1" branch-rate="1">
          <methods>
            <method name="buildMetaLines" hits="20" signature="()V">
              <lines>
                <line number="12" hits="20"/>
              </lines>
            </method>
            <method name="buildArticleHeader" hits="20" signature="()V">
              <lines>
                <line number="27" hits="20"/>
              </lines>
            </method>
            <method name="(anonymous_2)" hits="6" signature="()V">
              <lines>
                <line number="31" hits="6"/>
              </lines>
            </method>
            <method name="(anonymous_3)" hits="5" signature="()V">
              <lines>
                <line number="32" hits="5"/>
              </lines>
            </method>
            <method name="(anonymous_4)" hits="20" signature="()V">
              <lines>
                <line number="36" hits="20"/>
              </lines>
            </method>
            <method name="(anonymous_5)" hits="9" signature="()V">
              <lines>
                <line number="38" hits="9"/>
              </lines>
            </method>
          </methods>
          <lines>
            <line number="13" hits="20" branch="true" condition-coverage="100% (4/4)"/>
            <line number="14" hits="4" branch="false"/>
            <line number="15" hits="4" branch="true" condition-coverage="100% (2/2)"/>
            <line number="17" hits="16" branch="false"/>
            <line number="28" hits="20" branch="false"/>
            <line number="30" hits="20" branch="true" condition-coverage="100% (2/2)"/>
            <line number="31" hits="20" branch="true" condition-coverage="100% (2/2)"/>
            <line number="32" hits="20" branch="true" condition-coverage="100% (2/2)"/>
            <line number="33" hits="20" branch="true" condition-coverage="100% (2/2)"/>
            <line number="34" hits="20" branch="true" condition-coverage="100% (2/2)"/>
            <line number="36" hits="20" branch="false"/>
            <line number="37" hits="20" branch="false"/>
            <line number="38" hits="20" branch="false"/>
            <line number="40" hits="20" branch="false"/>
          </lines>
        </class>
        <class name="cmdCat.js" filename="src/commands/cmdCat.js" line-rate="0.9285" branch-rate="1">
          <methods>
            <method name="cmdCat" hits="8" signature="()V">
              <lines>
                <line number="14" hits="8"/>
              </lines>
            </method>
          </methods>
          <lines>
            <line number="15" hits="8" branch="false"/>
            <line number="16" hits="8" branch="true" condition-coverage="100% (2/2)"/>
            <line number="18" hits="6" branch="true" condition-coverage="100% (2/2)"/>
            <line number="20" hits="8" branch="false"/>
            <line number="21" hits="8" branch="false"/>
            <line number="22" hits="6" branch="true" condition-coverage="100% (2/2)"/>
            <line number="24" hits="5" branch="false"/>
            <line number="25" hits="5" branch="false"/>
            <line number="26" hits="5" branch="false"/>
            <line number="27" hits="5" branch="false"/>
            <line number="29" hits="5" branch="false"/>
            <line number="31" hits="5" branch="false"/>
            <line number="33" hits="5" branch="false"/>
            <line number="35" hits="0" branch="false"/>
          </lines>
        </class>
        <class name="cmdCd.js" filename="src/commands/cmdCd.js" line-rate="0.8443999999999999" branch-rate="0.8529000000000001">
          <methods>
            <method name="findExactMatch" hits="9" signature="()V">
              <lines>
                <line number="14" hits="9"/>
              </lines>
            </method>
            <method name="(anonymous_1)" hits="5" signature="()V">
              <lines>
                <line number="15" hits="5"/>
              </lines>
            </method>
            <method name="findCandidates" hits="6" signature="()V">
              <lines>
                <line number="26" hits="6"/>
              </lines>
            </method>
            <method name="(anonymous_3)" hits="3" signature="()V">
              <lines>
                <line number="27" hits="3"/>
              </lines>
            </method>
            <method name="(anonymous_4)" hits="3" signature="()V">
              <lines>
                <line number="27" hits="3"/>
              </lines>
            </method>
            <method name="resolveCdTarget" hits="5" signature="()V">
              <lines>
                <line number="38" hits="5"/>
              </lines>
            </method>
            <method name="applyCdResolution" hits="5" signature="()V">
              <lines>
                <line number="58" hits="5"/>
              </lines>
            </method>
            <method name="(anonymous_7)" hits="2" signature="()V">
              <lines>
                <line number="66" hits="2"/>
              </lines>
            </method>
            <method name="cmdCd" hits="10" signature="()V">
              <lines>
                <line number="89" hits="10"/>
              </lines>
            </method>
          </methods>
          <lines>
            <line number="5" hits="2" branch="false"/>
            <line number="15" hits="9" branch="true" condition-coverage="100% (2/2)"/>
            <line number="16" hits="9" branch="true" condition-coverage="100% (2/2)"/>
            <line number="27" hits="6" branch="true" condition-coverage="50% (1/2)"/>
            <line number="39" hits="5" branch="true" condition-coverage="100% (2/2)"/>
            <line number="40" hits="5" branch="true" condition-coverage="100% (2/2)"/>
            <line number="42" hits="3" branch="false"/>
            <line number="43" hits="3" branch="true" condition-coverage="100% (2/2)"/>
            <line number="44" hits="2" branch="true" condition-coverage="100% (2/2)"/>
            <line number="45" hits="1" branch="false"/>
            <line number="59" hits="5" branch="true" condition-coverage="100% (2/2)"/>
            <line number="61" hits="4" branch="true" condition-coverage="100% (2/2)"/>
            <line number="62" hits="1" branch="true" condition-coverage="50% (1/2)"/>
            <line number="63" hits="1" branch="false"/>
            <line number="66" hits="2" branch="false"/>
            <line number="70" hits="3" branch="false"/>
            <line number="71" hits="3" branch="false"/>
            <line number="72" hits="3" branch="false"/>
            <line number="73" hits="3" branch="false"/>
            <line number="74" hits="3" branch="false"/>
            <line number="75" hits="3" branch="true" condition-coverage="100% (2/2)"/>
            <line number="76" hits="3" branch="false"/>
            <line number="90" hits="10" branch="false"/>
            <line number="92" hits="10" branch="true" condition-coverage="100% (2/2)"/>
            <line number="93" hits="3" branch="false"/>
            <line number="94" hits="3" branch="true" condition-coverage="100% (2/2)"/>
            <line number="95" hits="1" branch="false"/>
            <line number="98" hits="7" branch="true" condition-coverage="100% (4/4)"/>
            <line number="99" hits="2" branch="false"/>
            <line number="100" hits="2" branch="false"/>
            <line number="101" hits="2" branch="false"/>
            <line number="102" hits="2" branch="false"/>
            <line number="105" hits="5" branch="true" condition-coverage="50% (1/2)"/>
            <line number="106" hits="0" branch="true" condition-coverage="0% (0/2)"/>
            <line number="107" hits="0" branch="false"/>
            <line number="108" hits="0" branch="false"/>
            <line number="109" hits="0" branch="false"/>
            <line number="110" hits="0" branch="false"/>
            <line number="111" hits="0" branch="false"/>
            <line number="114" hits="5" branch="false"/>
            <line number="115" hits="5" branch="false"/>
            <line number="116" hits="5" branch="false"/>
            <line number="117" hits="5" branch="false"/>
            <line number="118" hits="5" branch="false"/>
            <line number="120" hits="0" branch="false"/>
          </lines>
        </class>
        <class name="cmdComment.js" filename="src/commands/cmdComment.js" line-rate="1" branch-rate="0.9166">
          <methods>
            <method name="cmdComment" hits="9" signature="()V">
              <lines>
                <line number="11" hits="9"/>
              </lines>
            </method>
          </methods>
          <lines>
            <line number="12" hits="9" branch="false"/>
            <line number="13" hits="9" branch="true" condition-coverage="100% (4/4)"/>
            <line number="14" hits="6" branch="false"/>
            <line number="15" hits="6" branch="true" condition-coverage="100% (2/2)"/>
            <line number="16" hits="5" branch="false"/>
            <line number="17" hits="9" branch="true" condition-coverage="100% (2/2)"/>
            <line number="18" hits="4" branch="true" condition-coverage="50% (1/2)"/>
            <line number="19" hits="9" branch="true" condition-coverage="100% (2/2)"/>
            <line number="20" hits="3" branch="false"/>
            <line number="21" hits="3" branch="false"/>
            <line number="22" hits="2" branch="false"/>
            <line number="24" hits="1" branch="false"/>
          </lines>
        </class>
        <class name="cmdComments.js" filename="src/commands/cmdComments.js" line-rate="1" branch-rate="0.8332999999999999">
          <methods>
            <method name="cmdComments" hits="9" signature="()V">
              <lines>
                <line number="12" hits="9"/>
              </lines>
            </method>
            <method name="(anonymous_1)" hits="3" signature="()V">
              <lines>
                <line number="24" hits="3"/>
              </lines>
            </method>
            <method name="(anonymous_2)" hits="3" signature="()V">
              <lines>
                <line number="29" hits="3"/>
              </lines>
            </method>
            <method name="(anonymous_3)" hits="3" signature="()V">
              <lines>
                <line number="31" hits="3"/>
              </lines>
            </method>
          </methods>
          <lines>
            <line number="13" hits="9" branch="false"/>
            <line number="14" hits="9" branch="true" condition-coverage="100% (2/2)"/>
            <line number="15" hits="7" branch="false"/>
            <line number="16" hits="9" branch="true" condition-coverage="100% (2/2)"/>
            <line number="17" hits="6" branch="true" condition-coverage="50% (1/2)"/>
            <line number="18" hits="9" branch="true" condition-coverage="100% (2/2)"/>
            <line number="19" hits="5" branch="false"/>
            <line number="20" hits="5" branch="false"/>
            <line number="21" hits="4" branch="true" condition-coverage="100% (2/2)"/>
            <line number="22" hits="3" branch="false"/>
            <line number="23" hits="3" branch="false"/>
            <line number="24" hits="3" branch="false"/>
            <line number="25" hits="3" branch="true" condition-coverage="50% (1/2)"/>
            <line number="26" hits="3" branch="false"/>
            <line number="27" hits="3" branch="false"/>
            <line number="28" hits="3" branch="false"/>
            <line number="29" hits="3" branch="false"/>
            <line number="31" hits="3" branch="false"/>
            <line number="32" hits="3" branch="false"/>
            <line number="34" hits="3" branch="false"/>
            <line number="36" hits="1" branch="false"/>
          </lines>
        </class>
        <class name="cmdConfig.js" filename="src/commands/cmdConfig.js" line-rate="0.8" branch-rate="0.68">
          <methods>
            <method name="(anonymous_0)" hits="3" signature="()V">
              <lines>
                <line number="5" hits="3"/>
              </lines>
            </method>
            <method name="(anonymous_1)" hits="1" signature="()V">
              <lines>
                <line number="10" hits="1"/>
              </lines>
            </method>
            <method name="(anonymous_2)" hits="2" signature="()V">
              <lines>
                <line number="15" hits="2"/>
              </lines>
            </method>
            <method name="(anonymous_3)" hits="1" signature="()V">
              <lines>
                <line number="19" hits="1"/>
              </lines>
            </method>
            <method name="(anonymous_4)" hits="0" signature="()V">
              <lines>
                <line number="23" hits="0"/>
              </lines>
            </method>
            <method name="applyConfigFlags" hits="8" signature="()V">
              <lines>
                <line number="36" hits="8"/>
              </lines>
            </method>
            <method name="cmdConfig" hits="10" signature="()V">
              <lines>
                <line number="54" hits="10"/>
              </lines>
            </method>
          </methods>
          <lines>
            <line number="4" hits="2" branch="false"/>
            <line number="6" hits="3" branch="false"/>
            <line number="7" hits="3" branch="true" condition-coverage="50% (1/2)"/>
            <line number="8" hits="0" branch="false"/>
            <line number="11" hits="1" branch="false"/>
            <line number="12" hits="1" branch="true" condition-coverage="50% (1/2)"/>
            <line number="13" hits="0" branch="false"/>
            <line number="16" hits="2" branch="true" condition-coverage="100% (2/2)"/>
            <line number="17" hits="1" branch="false"/>
            <line number="20" hits="1" branch="true" condition-coverage="50% (1/2)"/>
            <line number="21" hits="0" branch="false"/>
            <line number="24" hits="0" branch="false"/>
            <line number="25" hits="0" branch="true" condition-coverage="0% (0/5)"/>
            <line number="26" hits="0" branch="false"/>
            <line number="37" hits="8" branch="false"/>
            <line number="38" hits="8" branch="false"/>
            <line number="39" hits="8" branch="false"/>
            <line number="40" hits="8" branch="true" condition-coverage="100% (4/4)"/>
            <line number="41" hits="7" branch="true" condition-coverage="100% (2/2)"/>
            <line number="44" hits="8" branch="false"/>
            <line number="55" hits="10" branch="false"/>
            <line number="56" hits="10" branch="true" condition-coverage="100% (2/2)"/>
            <line number="57" hits="2" branch="false"/>
            <line number="69" hits="8" branch="false"/>
            <line number="70" hits="8" branch="true" condition-coverage="100% (2/2)"/>
            <line number="71" hits="6" branch="false"/>
            <line number="72" hits="6" branch="false"/>
            <line number="73" hits="6" branch="false"/>
            <line number="74" hits="6" branch="false"/>
            <line number="76" hits="2" branch="false"/>
          </lines>
        </class>
        <class name="cmdGrep.js" filename="src/commands/cmdGrep.js" line-rate="1" branch-rate="0.9285">
          <methods>
            <method name="cmdGrep" hits="11" signature="()V">
              <lines>
                <line number="18" hits="11"/>
              </lines>
            </method>
            <method name="(anonymous_1)" hits="18" signature="()V">
              <lines>
                <line number="32" hits="18"/>
              </lines>
            </method>
            <method name="(anonymous_2)" hits="18" signature="()V">
              <lines>
                <line number="34" hits="18"/>
              </lines>
            </method>
            <method name="(anonymous_3)" hits="16" signature="()V">
              <lines>
                <line number="35" hits="16"/>
              </lines>
            </method>
            <method name="(anonymous_4)" hits="1" signature="()V">
              <lines>
                <line number="46" hits="1"/>
              </lines>
            </method>
          </methods>
          <lines>
            <line number="7" hits="2" branch="false"/>
            <line number="19" hits="11" branch="true" condition-coverage="100% (2/2)"/>
            <line number="20" hits="9" branch="false"/>
            <line number="21" hits="9" branch="false"/>
            <line number="22" hits="9" branch="false"/>
            <line number="23" hits="9" branch="false"/>
            <line number="24" hits="8" branch="true" condition-coverage="50% (1/2)"/>
            <line number="25" hits="8" branch="false"/>
            <line number="26" hits="8" branch="false"/>
            <line number="27" hits="8" branch="false"/>
            <line number="28" hits="8" branch="false"/>
            <line number="29" hits="8" branch="false"/>
            <line number="30" hits="18" branch="false"/>
            <line number="31" hits="18" branch="false"/>
            <line number="32" hits="18" branch="false"/>
            <line number="33" hits="18" branch="false"/>
            <line number="34" hits="18" branch="false"/>
            <line number="35" hits="16" branch="false"/>
            <line number="36" hits="18" branch="true" condition-coverage="100% (2/2)"/>
            <line number="37" hits="16" branch="false"/>
            <line number="38" hits="16" branch="false"/>
            <line number="39" hits="16" branch="false"/>
            <line number="45" hits="18" branch="true" condition-coverage="100% (2/2)"/>
            <line number="46" hits="1" branch="false"/>
            <line number="49" hits="18" branch="true" condition-coverage="100% (2/2)"/>
            <line number="50" hits="7" branch="false"/>
            <line number="51" hits="7" branch="false"/>
            <line number="52" hits="7" branch="false"/>
            <line number="53" hits="7" branch="false"/>
            <line number="54" hits="13" branch="true" condition-coverage="100% (2/2)"/>
            <line number="55" hits="12" branch="false"/>
            <line number="56" hits="12" branch="false"/>
            <line number="58" hits="7" branch="false"/>
            <line number="59" hits="7" branch="false"/>
            <line number="60" hits="7" branch="false"/>
            <line number="61" hits="7" branch="true" condition-coverage="100% (2/2)"/>
            <line number="62" hits="1" branch="false"/>
            <line number="64" hits="6" branch="false"/>
            <line number="65" hits="6" branch="false"/>
            <line number="67" hits="1" branch="false"/>
          </lines>
        </class>
        <class name="cmdHelp.js" filename="src/commands/cmdHelp.js" line-rate="1" branch-rate="1">
          <methods>
            <method name="cmdHelp" hits="6" signature="()V">
              <lines>
                <line number="7" hits="6"/>
              </lines>
            </method>
          </methods>
          <lines>
            <line number="8" hits="6" branch="false"/>
          </lines>
        </class>
        <class name="cmdHistory.js" filename="src/commands/cmdHistory.js" line-rate="1" branch-rate="1">
          <methods>
            <method name="cmdHistory" hits="4" signature="()V">
              <lines>
                <line number="8" hits="4"/>
              </lines>
            </method>
            <method name="(anonymous_1)" hits="4" signature="()V">
              <lines>
                <line number="14" hits="4"/>
              </lines>
            </method>
          </methods>
          <lines>
            <line number="9" hits="4" branch="false"/>
            <line number="10" hits="4" branch="true" condition-coverage="100% (2/2)"/>
            <line number="11" hits="2" branch="false"/>
            <line number="14" hits="4" branch="false"/>
          </lines>
        </class>
        <class name="cmdLink.js" filename="src/commands/cmdLink.js" line-rate="1" branch-rate="0.8332999999999999">
          <methods>
            <method name="cmdLink" hits="7" signature="()V">
              <lines>
                <line number="10" hits="7"/>
              </lines>
            </method>
          </methods>
          <lines>
            <line number="11" hits="7" branch="false"/>
            <line number="12" hits="7" branch="true" condition-coverage="100% (2/2)"/>
            <line number="14" hits="3" branch="false"/>
            <line number="15" hits="7" branch="true" condition-coverage="100% (2/2)"/>
            <line number="16" hits="7" branch="true" condition-coverage="100% (2/2)"/>
            <line number="17" hits="2" branch="false"/>
            <line number="18" hits="2" branch="true" condition-coverage="100% (2/2)"/>
            <line number="19" hits="1" branch="true" condition-coverage="50% (1/2)"/>
            <line number="21" hits="2" branch="true" condition-coverage="50% (1/2)"/>
            <line number="23" hits="2" branch="false"/>
            <line number="24" hits="2" branch="false"/>
            <line number="25" hits="2" branch="false"/>
            <line number="26" hits="2" branch="false"/>
            <line number="27" hits="2" branch="false"/>
            <line number="28" hits="2" branch="false"/>
            <line number="29" hits="2" branch="false"/>
            <line number="30" hits="2" branch="false"/>
          </lines>
        </class>
        <class name="cmdLs.js" filename="src/commands/cmdLs.js" line-rate="0.8554999999999999" branch-rate="0.7807999999999999">
          <methods>
            <method name="extractItems" hits="17" signature="()V">
              <lines>
                <line number="15" hits="17"/>
              </lines>
            </method>
            <method name="fetchAllPages" hits="2" signature="()V">
              <lines>
                <line number="26" hits="2"/>
              </lines>
            </method>
            <method name="(anonymous_2)" hits="1" signature="()V">
              <lines>
                <line number="35" hits="1"/>
              </lines>
            </method>
            <method name="(anonymous_3)" hits="1" signature="()V">
              <lines>
                <line number="39" hits="1"/>
              </lines>
            </method>
            <method name="fetchListItems" hits="16" signature="()V">
              <lines>
                <line number="52" hits="16"/>
              </lines>
            </method>
            <method name="resolvePostsFilter" hits="11" signature="()V">
              <lines>
                <line number="65" hits="11"/>
              </lines>
            </method>
            <method name="(anonymous_6)" hits="3" signature="()V">
              <lines>
                <line number="73" hits="3"/>
              </lines>
            </method>
            <method name="(anonymous_7)" hits="0" signature="()V">
              <lines>
                <line number="78" hits="0"/>
              </lines>
            </method>
            <method name="listPosts" hits="11" signature="()V">
              <lines>
                <line number="98" hits="11"/>
              </lines>
            </method>
            <method name="(anonymous_9)" hits="12" signature="()V">
              <lines>
                <line number="104" hits="12"/>
              </lines>
            </method>
            <method name="(anonymous_10)" hits="117" signature="()V">
              <lines>
                <line number="108" hits="117"/>
              </lines>
            </method>
            <method name="(anonymous_11)" hits="117" signature="()V">
              <lines>
                <line number="114" hits="117"/>
              </lines>
            </method>
            <method name="listPages" hits="2" signature="()V">
              <lines>
                <line number="132" hits="2"/>
              </lines>
            </method>
            <method name="(anonymous_13)" hits="2" signature="()V">
              <lines>
                <line number="134" hits="2"/>
              </lines>
            </method>
            <method name="(anonymous_14)" hits="1" signature="()V">
              <lines>
                <line number="138" hits="1"/>
              </lines>
            </method>
            <method name="(anonymous_15)" hits="1" signature="()V">
              <lines>
                <line number="143" hits="1"/>
              </lines>
            </method>
            <method name="listCategories" hits="2" signature="()V">
              <lines>
                <line number="159" hits="2"/>
              </lines>
            </method>
            <method name="(anonymous_17)" hits="2" signature="()V">
              <lines>
                <line number="161" hits="2"/>
              </lines>
            </method>
            <method name="(anonymous_18)" hits="2" signature="()V">
              <lines>
                <line number="165" hits="2"/>
              </lines>
            </method>
            <method name="(anonymous_19)" hits="2" signature="()V">
              <lines>
                <line number="170" hits="2"/>
              </lines>
            </method>
            <method name="listTags" hits="1" signature="()V">
              <lines>
                <line number="186" hits="1"/>
              </lines>
            </method>
            <method name="(anonymous_21)" hits="1" signature="()V">
              <lines>
                <line number="188" hits="1"/>
              </lines>
            </method>
            <method name="(anonymous_22)" hits="1" signature="()V">
              <lines>
                <line number="192" hits="1"/>
              </lines>
            </method>
            <method name="(anonymous_23)" hits="1" signature="()V">
              <lines>
                <line number="197" hits="1"/>
              </lines>
            </method>
            <method name="cmdLs" hits="17" signature="()V">
              <lines>
                <line number="214" hits="17"/>
              </lines>
            </method>
          </methods>
          <lines>
            <line number="8" hits="2" branch="false"/>
            <line number="16" hits="17" branch="true" condition-coverage="100% (4/4)"/>
            <line number="27" hits="2" branch="false"/>
            <line number="28" hits="2" branch="false"/>
            <line number="29" hits="2" branch="false"/>
            <line number="30" hits="2" branch="false"/>
            <line number="32" hits="2" branch="false"/>
            <line number="33" hits="2" branch="true" condition-coverage="100% (2/2)"/>
            <line number="35" hits="1" branch="false"/>
            <line number="36" hits="1" branch="false"/>
            <line number="37" hits="1" branch="false"/>
            <line number="38" hits="1" branch="false"/>
            <line number="39" hits="1" branch="false"/>
            <line number="40" hits="1" branch="false"/>
            <line number="42" hits="1" branch="false"/>
            <line number="53" hits="16" branch="true" condition-coverage="100% (2/2)"/>
            <line number="54" hits="14" branch="false"/>
            <line number="55" hits="14" branch="false"/>
            <line number="66" hits="11" branch="false"/>
            <line number="67" hits="11" branch="true" condition-coverage="100% (4/4)"/>
            <line number="68" hits="11" branch="false"/>
            <line number="69" hits="11" branch="false"/>
            <line number="70" hits="11" branch="true" condition-coverage="100% (2/2)"/>
            <line number="71" hits="11" branch="true" condition-coverage="100% (2/2)"/>
            <line number="73" hits="11" branch="true" condition-coverage="100% (3/3)"/>
            <line number="74" hits="11" branch="true" condition-coverage="50% (1/2)"/>
            <line number="76" hits="0" branch="false"/>
            <line number="77" hits="0" branch="false"/>
            <line number="78" hits="0" branch="true" condition-coverage="0% (0/2)"/>
            <line number="79" hits="0" branch="true" condition-coverage="0% (0/2)"/>
            <line number="80" hits="0" branch="false"/>
            <line number="81" hits="0" branch="false"/>
            <line number="83" hits="0" branch="false"/>
            <line number="99" hits="11" branch="false"/>
            <line number="100" hits="11" branch="true" condition-coverage="50% (1/2)"/>
            <line number="101" hits="11" branch="false"/>
            <line number="103" hits="11" branch="false"/>
            <line number="104" hits="12" branch="false"/>
            <line number="105" hits="11" branch="true" condition-coverage="100% (2/2)"/>
            <line number="106" hits="10" branch="true" condition-coverage="100% (2/2)"/>
            <line number="107" hits="11" branch="false"/>
            <line number="108" hits="117" branch="false"/>
            <line number="109" hits="11" branch="false"/>
            <line number="110" hits="11" branch="true" condition-coverage="100% (2/2)"/>
            <line number="111" hits="11" branch="false"/>
            <line number="114" hits="117" branch="false"/>
            <line number="120" hits="0" branch="false"/>
            <line number="133" hits="2" branch="false"/>
            <line number="134" hits="2" branch="false"/>
            <line number="135" hits="2" branch="true" condition-coverage="100% (2/2)"/>
            <line number="136" hits="1" branch="true" condition-coverage="100% (2/2)"/>
            <line number="137" hits="2" branch="false"/>
            <line number="138" hits="2" branch="false"/>
            <line number="139" hits="2" branch="false"/>
            <line number="140" hits="2" branch="false"/>
            <line number="143" hits="1" branch="false"/>
            <line number="147" hits="0" branch="false"/>
            <line number="160" hits="2" branch="false"/>
            <line number="161" hits="2" branch="false"/>
            <line number="162" hits="2" branch="true" condition-coverage="50% (1/2)"/>
            <line number="163" hits="2" branch="true" condition-coverage="100% (2/2)"/>
            <line number="164" hits="2" branch="false"/>
            <line number="165" hits="2" branch="false"/>
            <line number="166" hits="2" branch="false"/>
            <line number="167" hits="2" branch="false"/>
            <line number="170" hits="2" branch="false"/>
            <line number="174" hits="0" branch="false"/>
            <line number="187" hits="1" branch="false"/>
            <line number="188" hits="1" branch="false"/>
            <line number="189" hits="1" branch="true" condition-coverage="50% (1/2)"/>
            <line number="190" hits="1" branch="true" condition-coverage="100% (2/2)"/>
            <line number="191" hits="1" branch="false"/>
            <line number="192" hits="1" branch="false"/>
            <line number="193" hits="1" branch="false"/>
            <line number="194" hits="1" branch="false"/>
            <line number="197" hits="1" branch="false"/>
            <line number="201" hits="0" branch="false"/>
            <line number="215" hits="17" branch="false"/>
            <line number="216" hits="17" branch="false"/>
            <line number="217" hits="17" branch="true" condition-coverage="100% (2/2)"/>
            <line number="218" hits="17" branch="false"/>
            <line number="219" hits="17" branch="false"/>
            <line number="221" hits="17" branch="true" condition-coverage="50% (1/2)"/>
            <line number="222" hits="0" branch="true" condition-coverage="0% (0/2)"/>
            <line number="223" hits="0" branch="true" condition-coverage="0% (0/2)"/>
            <line number="226" hits="17" branch="true" condition-coverage="100% (4/4)"/>
            <line number="227" hits="6" branch="true" condition-coverage="100% (2/2)"/>
            <line number="228" hits="4" branch="true" condition-coverage="100% (4/4)"/>
            <line number="229" hits="2" branch="true" condition-coverage="100% (2/2)"/>
            <line number="231" hits="1" branch="false"/>
          </lines>
        </class>
        <class name="cmdMan.js" filename="src/commands/cmdMan.js" line-rate="1" branch-rate="1">
          <methods>
            <method name="cmdMan" hits="9" signature="()V">
              <lines>
                <line number="13" hits="9"/>
              </lines>
            </method>
            <method name="(anonymous_1)" hits="2" signature="()V">
              <lines>
                <line number="27" hits="2"/>
              </lines>
            </method>
          </methods>
          <lines>
            <line number="4" hits="2" branch="false"/>
            <line number="5" hits="2" branch="false"/>
            <line number="14" hits="9" branch="false"/>
            <line number="15" hits="9" branch="true" condition-coverage="100% (2/2)"/>
            <line number="19" hits="7" branch="true" condition-coverage="100% (2/2)"/>
            <line number="20" hits="9" branch="false"/>
            <line number="21" hits="9" branch="true" condition-coverage="100% (2/2)"/>
            <line number="25" hits="6" branch="false"/>
            <line number="26" hits="6" branch="true" condition-coverage="100% (2/2)"/>
            <line number="27" hits="2" branch="false"/>
            <line number="28" hits="1" branch="false"/>
            <line number="36" hits="9" branch="false"/>
          </lines>
        </class>
        <class name="cmdN.js" filename="src/commands/cmdN.js" line-rate="0.9843000000000001" branch-rate="0.7646999999999999">
          <methods>
            <method name="nextArticlePage" hits="5" signature="()V">
              <lines>
                <line number="14" hits="5"/>
              </lines>
            </method>
            <method name="(anonymous_1)" hits="50" signature="()V">
              <lines>
                <line number="24" hits="50"/>
              </lines>
            </method>
            <method name="nextGrepPage" hits="4" signature="()V">
              <lines>
                <line number="35" hits="4"/>
              </lines>
            </method>
            <method name="paginateListResult" hits="9" signature="()V">
              <lines>
                <line number="68" hits="9"/>
              </lines>
            </method>
            <method name="(anonymous_4)" hits="9" signature="()V">
              <lines>
                <line number="72" hits="9"/>
              </lines>
            </method>
            <method name="(anonymous_5)" hits="9" signature="()V">
              <lines>
                <line number="73" hits="9"/>
              </lines>
            </method>
            <method name="(anonymous_6)" hits="9" signature="()V">
              <lines>
                <line number="78" hits="9"/>
              </lines>
            </method>
            <method name="nextSearchPage" hits="1" signature="()V">
              <lines>
                <line number="83" hits="1"/>
              </lines>
            </method>
            <method name="(anonymous_8)" hits="1" signature="()V">
              <lines>
                <line number="92" hits="1"/>
              </lines>
            </method>
            <method name="nextPostsPage" hits="4" signature="()V">
              <lines>
                <line number="97" hits="4"/>
              </lines>
            </method>
            <method name="(anonymous_10)" hits="4" signature="()V">
              <lines>
                <line number="104" hits="4"/>
              </lines>
            </method>
            <method name="nextPagesPage" hits="2" signature="()V">
              <lines>
                <line number="109" hits="2"/>
              </lines>
            </method>
            <method name="(anonymous_12)" hits="2" signature="()V">
              <lines>
                <line number="114" hits="2"/>
              </lines>
            </method>
            <method name="nextCategoriesPage" hits="1" signature="()V">
              <lines>
                <line number="119" hits="1"/>
              </lines>
            </method>
            <method name="(anonymous_14)" hits="1" signature="()V">
              <lines>
                <line number="124" hits="1"/>
              </lines>
            </method>
            <method name="nextTagsPage" hits="1" signature="()V">
              <lines>
                <line number="129" hits="1"/>
              </lines>
            </method>
            <method name="(anonymous_16)" hits="1" signature="()V">
              <lines>
                <line number="134" hits="1"/>
              </lines>
            </method>
            <method name="cmdN" hits="19" signature="()V">
              <lines>
                <line number="154" hits="19"/>
              </lines>
            </method>
          </methods>
          <lines>
            <line number="15" hits="5" branch="false"/>
            <line number="16" hits="5" branch="false"/>
            <line number="17" hits="5" branch="false"/>
            <line number="18" hits="5" branch="false"/>
            <line number="19" hits="5" branch="false"/>
            <line number="20" hits="5" branch="true" condition-coverage="100% (2/2)"/>
            <line number="23" hits="5" branch="true" condition-coverage="100% (2/2)"/>
            <line number="24" hits="50" branch="true" condition-coverage="50% (1/2)"/>
            <line number="25" hits="4" branch="false"/>
            <line number="27" hits="1" branch="false"/>
            <line number="36" hits="4" branch="false"/>
            <line number="37" hits="4" branch="false"/>
            <line number="38" hits="4" branch="false"/>
            <line number="39" hits="4" branch="false"/>
            <line number="40" hits="4" branch="false"/>
            <line number="41" hits="6" branch="true" condition-coverage="100% (2/2)"/>
            <line number="42" hits="5" branch="false"/>
            <line number="43" hits="5" branch="false"/>
            <line number="45" hits="4" branch="false"/>
            <line number="46" hits="4" branch="false"/>
            <line number="47" hits="4" branch="true" condition-coverage="100% (2/2)"/>
            <line number="69" hits="9" branch="false"/>
            <line number="70" hits="9" branch="true" condition-coverage="50% (1/2)"/>
            <line number="71" hits="9" branch="false"/>
            <line number="72" hits="9" branch="false"/>
            <line number="73" hits="9" branch="false"/>
            <line number="74" hits="9" branch="true" condition-coverage="100% (2/2)"/>
            <line number="77" hits="9" branch="false"/>
            <line number="78" hits="9" branch="false"/>
            <line number="84" hits="1" branch="false"/>
            <line number="85" hits="1" branch="false"/>
            <line number="86" hits="1" branch="true" condition-coverage="50% (1/2)"/>
            <line number="87" hits="1" branch="true" condition-coverage="50% (1/2)"/>
            <line number="88" hits="1" branch="false"/>
            <line number="89" hits="1" branch="false"/>
            <line number="92" hits="1" branch="false"/>
            <line number="98" hits="4" branch="true" condition-coverage="50% (1/2)"/>
            <line number="99" hits="4" branch="true" condition-coverage="50% (1/2)"/>
            <line number="100" hits="4" branch="false"/>
            <line number="101" hits="4" branch="false"/>
            <line number="104" hits="4" branch="false"/>
            <line number="110" hits="2" branch="false"/>
            <line number="111" hits="2" branch="false"/>
            <line number="114" hits="2" branch="false"/>
            <line number="120" hits="1" branch="false"/>
            <line number="121" hits="1" branch="false"/>
            <line number="124" hits="1" branch="false"/>
            <line number="130" hits="1" branch="false"/>
            <line number="131" hits="1" branch="false"/>
            <line number="134" hits="1" branch="false"/>
[...]
              <lines>
                <line number="68" hits="1"/>
              </lines>
            </method>
            <method name="(anonymous_15)" hits="1" signature="()V">
              <lines>
                <line number="69" hits="1"/>
              </lines>
            </method>
            <method name="(anonymous_16)" hits="1" signature="()V">
              <lines>
                <line number="73" hits="1"/>
              </lines>
            </method>
            <method name="(anonymous_17)" hits="1" signature="()V">
              <lines>
                <line number="75" hits="1"/>
              </lines>
            </method>
            <method name="(anonymous_18)" hits="1" signature="()V">
              <lines>
                <line number="79" hits="1"/>
              </lines>
            </method>
            <method name="(anonymous_19)" hits="1" signature="()V">
              <lines>
                <line number="80" hits="1"/>
              </lines>
            </method>
            <method name="(anonymous_20)" hits="1" signature="()V">
              <lines>
                <line number="84" hits="1"/>
              </lines>
            </method>
            <method name="(anonymous_21)" hits="1" signature="()V">
              <lines>
                <line number="85" hits="1"/>
              </lines>
            </method>
            <method name="(anonymous_22)" hits="1" signature="()V">
              <lines>
                <line number="89" hits="1"/>
              </lines>
            </method>
            <method name="(anonymous_23)" hits="1" signature="()V">
              <lines>
                <line number="96" hits="1"/>
              </lines>
            </method>
            <method name="(anonymous_24)" hits="0" signature="()V">
              <lines>
                <line number="107" hits="0"/>
              </lines>
            </method>
            <method name="(anonymous_25)" hits="1" signature="()V">
              <lines>
                <line number="112" hits="1"/>
              </lines>
            </method>
            <method name="(anonymous_26)" hits="1" signature="()V">
              <lines>
                <line number="113" hits="1"/>
              </lines>
            </method>
            <method name="(anonymous_27)" hits="1" signature="()V">
              <lines>
                <line number="114" hits="1"/>
              </lines>
            </method>
            <method name="(anonymous_28)" hits="1" signature="()V">
              <lines>
                <line number="115" hits="1"/>
              </lines>
            </method>
            <method name="(anonymous_29)" hits="0" signature="()V">
              <lines>
                <line number="116" hits="0"/>
              </lines>
            </method>
            <method name="(anonymous_30)" hits="1" signature="()V">
              <lines>
                <line number="122" hits="1"/>
              </lines>
            </method>
            <method name="(anonymous_31)" hits="0" signature="()V">
              <lines>
                <line number="125" hits="0"/>
              </lines>
            </method>
            <method name="(anonymous_32)" hits="1" signature="()V">
              <lines>
                <line number="127" hits="1"/>
              </lines>
            </method>
            <method name="(anonymous_33)" hits="0" signature="()V">
              <lines>
                <line number="130" hits="0"/>
              </lines>
            </method>
            <method name="(anonymous_34)" hits="0" signature="()V">
              <lines>
                <line number="131" hits="0"/>
              </lines>
            </method>
            <method name="(anonymous_35)" hits="0" signature="()V">
              <lines>
                <line number="132" hits="0"/>
              </lines>
            </method>
            <method name="(anonymous_36)" hits="0" signature="()V">
              <lines>
                <line number="133" hits="0"/>
              </lines>
            </method>
          </methods>
          <lines>
            <line number="25" hits="1" branch="false"/>
            <line number="26" hits="1" branch="false"/>
            <line number="27" hits="1" branch="false"/>
            <line number="37" hits="1" branch="false"/>
            <line number="39" hits="0" branch="false"/>
            <line number="41" hits="1" branch="false"/>
            <line number="44" hits="1" branch="false"/>
            <line number="50" hits="1" branch="false"/>
            <line number="52" hits="1" branch="false"/>
            <line number="54" hits="1" branch="false"/>
            <line number="56" hits="1" branch="false"/>
            <line number="57" hits="0" branch="false"/>
            <line number="66" hits="1" branch="false"/>
            <line number="67" hits="1" branch="false"/>
            <line number="68" hits="1" branch="false"/>
            <line number="69" hits="1" branch="false"/>
            <line number="73" hits="1" branch="false"/>
            <line number="75" hits="1" branch="false"/>
            <line number="79" hits="1" branch="false"/>
            <line number="80" hits="1" branch="false"/>
            <line number="84" hits="1" branch="false"/>
            <line number="85" hits="1" branch="false"/>
            <line number="89" hits="1" branch="false"/>
            <line number="96" hits="1" branch="false"/>
            <line number="107" hits="0" branch="false"/>
            <line number="112" hits="1" branch="false"/>
            <line number="113" hits="1" branch="false"/>
            <line number="114" hits="1" branch="false"/>
            <line number="115" hits="1" branch="false"/>
            <line number="116" hits="0" branch="false"/>
            <line number="122" hits="1" branch="false"/>
            <line number="125" hits="0" branch="false"/>
            <line number="127" hits="1" branch="false"/>
            <line number="130" hits="0" branch="false"/>
            <line number="131" hits="0" branch="false"/>
            <line number="132" hits="0" branch="false"/>
            <line number="133" hits="0" branch="false"/>
          </lines>
        </class>
        <class name="en.js" filename="src/i18n/en.js" line-rate="0.7567" branch-rate="1">
          <methods>
            <method name="(anonymous_0)" hits="1" signature="()V">
              <lines>
                <line number="25" hits="1"/>
              </lines>
            </method>
            <method name="(anonymous_1)" hits="1" signature="()V">
              <lines>
                <line number="26" hits="1"/>
              </lines>
            </method>
            <method name="(anonymous_2)" hits="1" signature="()V">
              <lines>
                <line number="27" hits="1"/>
              </lines>
            </method>
            <method name="(anonymous_3)" hits="1" signature="()V">
              <lines>
                <line number="37" hits="1"/>
              </lines>
            </method>
            <method name="(anonymous_4)" hits="0" signature="()V">
              <lines>
                <line number="39" hits="0"/>
              </lines>
            </method>
            <method name="(anonymous_5)" hits="1" signature="()V">
              <lines>
                <line number="41" hits="1"/>
              </lines>
            </method>
            <method name="(anonymous_6)" hits="1" signature="()V">
              <lines>
                <line number="44" hits="1"/>
              </lines>
            </method>
            <method name="(anonymous_7)" hits="1" signature="()V">
              <lines>
                <line number="50" hits="1"/>
              </lines>
            </method>
            <method name="(anonymous_8)" hits="1" signature="()V">
              <lines>
                <line number="52" hits="1"/>
              </lines>
            </method>
            <method name="(anonymous_9)" hits="1" signature="()V">
              <lines>
                <line number="54" hits="1"/>
              </lines>
            </method>
            <method name="(anonymous_10)" hits="1" signature="()V">
              <lines>
                <line number="56" hits="1"/>
              </lines>
            </method>
            <method name="(anonymous_11)" hits="0" signature="()V">
              <lines>
                <line number="57" hits="0"/>
              </lines>
            </method>
            <method name="(anonymous_12)" hits="1" signature="()V">
              <lines>
                <line number="66" hits="1"/>
              </lines>
            </method>
            <method name="(anonymous_13)" hits="1" signature="()V">
              <lines>
                <line number="67" hits="1"/>
              </lines>
            </method>
            <method name="(anonymous_14)" hits="1" signature="()V">
              <lines>
                <line number="68" hits="1"/>
              </lines>
            </method>
            <method name="(anonymous_15)" hits="1" signature="()V">
              <lines>
                <line number="69" hits="1"/>
              </lines>
            </method>
            <method name="(anonymous_16)" hits="1" signature="()V">
              <lines>
                <line number="73" hits="1"/>
              </lines>
            </method>
            <method name="(anonymous_17)" hits="1" signature="()V">
              <lines>
                <line number="75" hits="1"/>
              </lines>
            </method>
            <method name="(anonymous_18)" hits="1" signature="()V">
              <lines>
                <line number="79" hits="1"/>
              </lines>
            </method>
            <method name="(anonymous_19)" hits="1" signature="()V">
              <lines>
                <line number="80" hits="1"/>
              </lines>
            </method>
            <method name="(anonymous_20)" hits="1" signature="()V">
              <lines>
                <line number="84" hits="1"/>
              </lines>
            </method>
            <method name="(anonymous_21)" hits="1" signature="()V">
              <lines>
                <line number="85" hits="1"/>
              </lines>
            </method>
            <method name="(anonymous_22)" hits="1" signature="()V">
              <lines>
                <line number="89" hits="1"/>
              </lines>
            </method>
            <method name="(anonymous_23)" hits="1" signature="()V">
              <lines>
                <line number="96" hits="1"/>
              </lines>
            </method>
            <method name="(anonymous_24)" hits="0" signature="()V">
              <lines>
                <line number="107" hits="0"/>
              </lines>
            </method>
            <method name="(anonymous_25)" hits="1" signature="()V">
              <lines>
                <line number="112" hits="1"/>
              </lines>
            </method>
            <method name="(anonymous_26)" hits="1" signature="()V">
              <lines>
                <line number="113" hits="1"/>
              </lines>
            </method>
            <method name="(anonymous_27)" hits="1" signature="()V">
              <lines>
                <line number="114" hits="1"/>
              </lines>
            </method>
            <method name="(anonymous_28)" hits="1" signature="()V">
              <lines>
                <line number="115" hits="1"/>
              </lines>
            </method>
            <method name="(anonymous_29)" hits="0" signature="()V">
              <lines>
                <line number="116" hits="0"/>
              </lines>
            </method>
            <method name="(anonymous_30)" hits="1" signature="()V">
              <lines>
                <line number="122" hits="1"/>
              </lines>
            </method>
            <method name="(anonymous_31)" hits="0" signature="()V">
              <lines>
                <line number="125" hits="0"/>
              </lines>
            </method>
            <method name="(anonymous_32)" hits="1" signature="()V">
              <lines>
                <line number="127" hits="1"/>
              </lines>
            </method>
            <method name="(anonymous_33)" hits="0" signature="()V">
              <lines>
                <line number="130" hits="0"/>
              </lines>
            </method>
            <method name="(anonymous_34)" hits="0" signature="()V">
              <lines>
                <line number="131" hits="0"/>
              </lines>
            </method>
            <method name="(anonymous_35)" hits="0" signature="()V">
              <lines>
                <line number="132" hits="0"/>
              </lines>
            </method>
            <method name="(anonymous_36)" hits="0" signature="()V">
              <lines>
                <line number="133" hits="0"/>
              </lines>
            </method>
          </methods>
          <lines>
            <line number="25" hits="1" branch="false"/>
            <line number="26" hits="1" branch="false"/>
            <line number="27" hits="1" branch="false"/>
            <line number="37" hits="1" branch="false"/>
            <line number="39" hits="0" branch="false"/>
            <line number="41" hits="1" branch="false"/>
            <line number="44" hits="1" branch="false"/>
            <line number="50" hits="1" branch="false"/>
            <line number="52" hits="1" branch="false"/>
            <line number="54" hits="1" branch="false"/>
            <line number="56" hits="1" branch="false"/>
            <line number="57" hits="0" branch="false"/>
            <line number="66" hits="1" branch="false"/>
            <line number="67" hits="1" branch="false"/>
            <line number="68" hits="1" branch="false"/>
            <line number="69" hits="1" branch="false"/>
            <line number="73" hits="1" branch="false"/>
            <line number="75" hits="1" branch="false"/>
            <line number="79" hits="1" branch="false"/>
            <line number="80" hits="1" branch="false"/>
            <line number="84" hits="1" branch="false"/>
            <line number="85" hits="1" branch="false"/>
            <line number="89" hits="1" branch="false"/>
            <line number="96" hits="1" branch="false"/>
            <line number="107" hits="0" branch="false"/>
            <line number="112" hits="1" branch="false"/>
            <line number="113" hits="1" branch="false"/>
            <line number="114" hits="1" branch="false"/>
            <line number="115" hits="1" branch="false"/>
            <line number="116" hits="0" branch="false"/>
            <line number="122" hits="1" branch="false"/>
            <line number="125" hits="0" branch="false"/>
            <line number="127" hits="1" branch="false"/>
            <line number="130" hits="0" branch="false"/>
            <line number="131" hits="0" branch="false"/>
            <line number="132" hits="0" branch="false"/>
            <line number="133" hits="0" branch="false"/>
          </lines>
        </class>
        <class name="index.js" filename="src/i18n/index.js" line-rate="1" branch-rate="0.5">
          <methods>
          </methods>
          <lines>
            <line number="4" hits="1" branch="true" condition-coverage="50% (1/2)"/>
            <line number="7" hits="1" branch="true" condition-coverage="50% (1/2)"/>
          </lines>
        </class>
      </classes>
    </package>
    <package name="src.idle" line-rate="0.9582999999999999" branch-rate="0.7">
      <classes>
        <class name="vortex.js" filename="src/idle/vortex.js" line-rate="0.9582999999999999" branch-rate="0.7">
          <methods>
            <method name="idleVortex" hits="3" signature="()V">
              <lines>
                <line number="9" hits="3"/>
              </lines>
            </method>
            <method name="(anonymous_1)" hits="12" signature="()V">
              <lines>
                <line number="34" hits="12"/>
              </lines>
            </method>
            <method name="(anonymous_2)" hits="3" signature="()V">
              <lines>
                <line number="42" hits="3"/>
              </lines>
            </method>
            <method name="(anonymous_3)" hits="2" signature="()V">
              <lines>
                <line number="43" hits="2"/>
              </lines>
            </method>
            <method name="(anonymous_4)" hits="12" signature="()V">
              <lines>
                <line number="53" hits="12"/>
              </lines>
            </method>
            <method name="(anonymous_5)" hits="3" signature="()V">
              <lines>
                <line number="60" hits="3"/>
              </lines>
            </method>
            <method name="(anonymous_6)" hits="2" signature="()V">
              <lines>
                <line number="60" hits="2"/>
              </lines>
            </method>
          </methods>
          <lines>
            <line number="10" hits="3" branch="false"/>
            <line number="15" hits="3" branch="false"/>
            <line number="16" hits="3" branch="false"/>
            <line number="23" hits="3" branch="false"/>
            <line number="24" hits="3" branch="false"/>
            <line number="25" hits="3" branch="false"/>
            <line number="26" hits="3" branch="false"/>
            <line number="27" hits="3" branch="false"/>
            <line number="28" hits="3" branch="false"/>
            <line number="30" hits="3" branch="false"/>
            <line number="31" hits="3" branch="false"/>
            <line number="32" hits="3" branch="false"/>
            <line number="34" hits="12" branch="false"/>
            <line number="35" hits="3" branch="false"/>
            <line number="36" hits="3" branch="false"/>
            <line number="37" hits="3" branch="false"/>
            <line number="39" hits="3" branch="false"/>
            <line number="40" hits="3" branch="false"/>
            <line number="42" hits="3" branch="false"/>
            <line number="43" hits="3" branch="false"/>
            <line number="44" hits="3" branch="false"/>
            <line number="47" hits="3" branch="false"/>
            <line number="48" hits="3" branch="false"/>
            <line number="49" hits="3" branch="false"/>
            <line number="50" hits="3" branch="false"/>
            <line number="51" hits="3" branch="false"/>
            <line number="53" hits="12" branch="false"/>
            <line number="54" hits="3" branch="false"/>
            <line number="55" hits="3" branch="true" condition-coverage="50% (2/4)"/>
            <line number="56" hits="0" branch="false"/>
            <line number="57" hits="0" branch="false"/>
            <line number="59" hits="3" branch="false"/>
            <line number="60" hits="3" branch="false"/>
            <line number="61" hits="3" branch="true" condition-coverage="75% (3/4)"/>
            <line number="64" hits="3" branch="true" condition-coverage="100% (2/2)"/>
            <line number="65" hits="1" branch="false"/>
            <line number="67" hits="1" branch="false"/>
            <line number="68" hits="1" branch="false"/>
            <line number="69" hits="1" branch="false"/>
            <line number="70" hits="1" branch="false"/>
            <line number="71" hits="1" branch="false"/>
            <line number="72" hits="1" branch="false"/>
            <line number="73" hits="1" branch="false"/>
            <line number="74" hits="1" branch="false"/>
            <line number="75" hits="1" branch="false"/>
            <line number="76" hits="1" branch="false"/>
            <line number="77" hits="1" branch="false"/>
            <line number="78" hits="1" branch="false"/>
          </lines>
        </class>
      </classes>
    </package>
  </packages>
</coverage>
